<?xml version="1.0" encoding="UTF-8"?>
<testng-results skipped="0" failed="0" total="1" passed="1">
  <reporter-output>
  </reporter-output>
  <suite name="Default suite" duration-ms="51430" started-at="2020-10-15T11:07:14Z" finished-at="2020-10-15T11:08:05Z">
    <groups>
    </groups>
    <test name="Default test" duration-ms="51430" started-at="2020-10-15T11:07:14Z" finished-at="2020-10-15T11:08:05Z">
      <class name="Demo.testcase">
        <test-method status="PASS" signature="beforeTest()[pri:0, instance:Demo.testcase@36d4b5c]" name="beforeTest" is-config="true" duration-ms="13" started-at="2020-10-15T18:07:14Z" finished-at="2020-10-15T18:07:14Z">
          <reporter-output>
          </reporter-output>
        </test-method> <!-- beforeTest -->
        <test-method status="PASS" signature="samsungS20price()[pri:0, instance:Demo.testcase@36d4b5c]" name="samsungS20price" duration-ms="50413" started-at="2020-10-15T18:07:14Z" finished-at="2020-10-15T18:08:04Z">
          <reporter-output>
          </reporter-output>
        </test-method> <!-- samsungS20price -->
        <test-method status="PASS" signature="afterTest()[pri:0, instance:Demo.testcase@36d4b5c]" name="afterTest" is-config="true" duration-ms="989" started-at="2020-10-15T18:08:04Z" finished-at="2020-10-15T18:08:05Z">
          <reporter-output>
          </reporter-output>
        </test-method> <!-- afterTest -->
      </class> <!-- Demo.testcase -->
    </test> <!-- Default test -->
  </suite> <!-- Default suite -->
</testng-results>
