<?xml version="1.0" encoding="UTF-8"?>
<testng-results skipped="0" failed="0" total="1" passed="1">
  <reporter-output>
  </reporter-output>
  <suite name="Default suite" duration-ms="26776" started-at="2020-10-15T11:20:48Z" finished-at="2020-10-15T11:21:15Z">
    <groups>
    </groups>
    <test name="Default test" duration-ms="26776" started-at="2020-10-15T11:20:48Z" finished-at="2020-10-15T11:21:15Z">
      <class name="Demo.testcase">
        <test-method status="PASS" signature="beforeTest()[pri:0, instance:Demo.testcase@36d4b5c]" name="beforeTest" is-config="true" duration-ms="13" started-at="2020-10-15T18:20:48Z" finished-at="2020-10-15T18:20:48Z">
          <reporter-output>
          </reporter-output>
        </test-method> <!-- beforeTest -->
        <test-method status="PASS" signature="samsungS20price()[pri:0, instance:Demo.testcase@36d4b5c]" name="samsungS20price" duration-ms="25954" started-at="2020-10-15T18:20:48Z" finished-at="2020-10-15T18:21:14Z">
          <reporter-output>
          </reporter-output>
        </test-method> <!-- samsungS20price -->
        <test-method status="PASS" signature="afterTest()[pri:0, instance:Demo.testcase@36d4b5c]" name="afterTest" is-config="true" duration-ms="794" started-at="2020-10-15T18:21:14Z" finished-at="2020-10-15T18:21:15Z">
          <reporter-output>
          </reporter-output>
        </test-method> <!-- afterTest -->
      </class> <!-- Demo.testcase -->
    </test> <!-- Default test -->
  </suite> <!-- Default suite -->
</testng-results>
