<?xml version="1.0" encoding="UTF-8"?>
<!-- Generated by org.testng.reporters.JUnitXMLReporter -->
<testsuite hostname="WS324" name="Test" tests="1" failures="1" timestamp="15 Oct 2020 10:23:23 GMT" time="5.007" errors="0">
  <testcase name="samsungS20price" time="0.006" classname="Demo.testcase">
    <failure type="java.lang.NullPointerException">
      <![CDATA[java.lang.NullPointerException
	at Demo.commonAct.startTesting(commonAct.java:21)
	at Demo.testcase.samsungS20price(testcase.java:24)
... Removed 24 stack frames]]>
    </failure>
  </testcase> <!-- samsungS20price -->
</testsuite> <!-- Test -->
