<?xml version="1.0" encoding="UTF-8"?>
<!-- Generated by org.testng.reporters.JUnitXMLReporter -->
<testsuite hostname="WS324" tests="13" failures="0" timestamp="14 Oct 2020 06:41:57 GMT" time="18.345" errors="0">
  <testcase name="step1" time="1.226" classname="google"/>
  <testcase name="step2" time="0.982" classname="google"/>
  <testcase name="step3" time="0.623" classname="google"/>
  <testcase name="step4" time="0.618" classname="google"/>
  <testcase name="step5" time="0.637" classname="google"/>
  <testcase name="step6" time="3.621" classname="google"/>
  <testcase name="step7" time="0.064" classname="google"/>
  <testcase name="steps1" time="0.512" classname="google"/>
  <testcase name="steps2" time="0.864" classname="google"/>
  <testcase name="steps3" time="0.572" classname="google"/>
  <testcase name="steps4" time="0.601" classname="google"/>
  <testcase name="steps5" time="0.612" classname="google"/>
  <testcase name="steps6" time="2.273" classname="google"/>
</testsuite>
